<?xml version="1.0" encoding="UTF-8"?>
<testng-results skipped="0" failed="0" ignored="0" total="0" passed="0">
  <reporter-output>
  </reporter-output>
  <suite name="pagefactory.test.XistoreTest" duration-ms="6" started-at="2020-11-26T19:03:51 MSK" finished-at="2020-11-26T19:03:51 MSK">
    <groups>
    </groups>
    <test name="Command line test" duration-ms="6" started-at="2020-11-26T19:03:51 MSK" finished-at="2020-11-26T19:03:51 MSK">
    </test> <!-- Command line test -->
  </suite> <!-- pagefactory.test.XistoreTest -->
</testng-results>
